
> baerenwald-crm-dashboard@0.1.0 docs:ui
> node --env-file=.env.local scripts/docs-screenshots/capture.mjs && node --env-file=.env.local scripts/docs-screenshots/build-pdf.mjs

Ermittle Detail-Routen …
Erfasse 31 Routen + Szenarien × 2 Viewports …

=== Viewport: Desktop (1440×900) ===

→ Dashboard (/)
  ✓ desktop / Dashboard

→ Anfragen — Liste (/anfragen)
  ✓ desktop / Anfragen — Liste

→ Neue Anfrage (/anfragen/neu)
  ✓ desktop / Neue Anfrage

→ Angebote — Liste (/angebote)
  ✓ desktop / Angebote — Liste

→ Aufträge — Liste (/auftraege)
  ✓ desktop / Aufträge — Liste

→ Rechnungen — Liste (/rechnungen)
  ✓ desktop / Rechnungen — Liste

→ Neue Rechnung (/rechnungen/neu)
  ✓ desktop / Neue Rechnung

→ Kunden — Liste (/kunden)
  ✓ desktop / Kunden — Liste

→ Handwerker — Liste (/handwerker)
  ✓ desktop / Handwerker — Liste

→ Partner — Liste (/partner)
  ✓ desktop / Partner — Liste

→ Preislisten (/preislisten)
  ✓ desktop / Preislisten

→ Kalender (/kalender)
  ✓ desktop / Kalender

→ Formulare — Liste (/formulare)
  ✓ desktop / Formulare — Liste

→ Neues Formular (/formulare/neu)
  ✓ desktop / Neues Formular

→ Einstellungen — Übersicht (/einstellungen)
  ✓ desktop / Einstellungen — Übersicht

→ Firmeneinstellungen (/einstellungen/firma)
  ✓ desktop / Firmeneinstellungen

→ Profil (/einstellungen/profil)
  ✓ desktop / Profil

→ Benutzer (/einstellungen/benutzer)
  ✓ desktop / Benutzer

→ Gewerke (/einstellungen/gewerke)
  ✓ desktop / Gewerke

→ Preise (/einstellungen/preise)
  ✓ desktop / Preise

→ Preisliste bearbeiten (/einstellungen/preisliste)
  ✓ desktop / Preisliste bearbeiten

→ Vorlagen (/einstellungen/vorlagen)
  ✓ desktop / Vorlagen

→ Neue Vorlage (/einstellungen/vorlagen/neu)
  ✓ desktop / Neue Vorlage

→ E-Mail (/einstellungen/email)
  ✓ desktop / E-Mail

→ Kommunikation (/einstellungen/kommunikation)
  ✓ desktop / Kommunikation

→ Formular-Einstellungen (/einstellungen/formulare)
  ✓ desktop / Formular-Einstellungen

→ Felder (/einstellungen/felder)
  ✓ desktop / Felder

→ Compliance (/einstellungen/compliance)
  ✓ desktop / Compliance

→ Datenschutz (/einstellungen/datenschutz)
  ✓ desktop / Datenschutz

→ Integration (/einstellungen/integration)
  ✓ desktop / Integration

→ Login (/login)
  ✓ desktop / Login

── Interaktive Szenarien ──
  ⊘ Angebot-Wizard: keine Angebots-ID (Entwurf in DB oder DOCS_ANGEBOT_ID setzen)
  ⊘ Auftrag Mobile-Sheets: keine Auftrags-ID
  ⊘ Rechnung-Wizard: keine Auftrags-/Rechnungs-ID

=== Viewport: Mobile (390×844) ===

→ Dashboard (/)
  ✓ mobile / Dashboard

→ Anfragen — Liste (/anfragen)
  ✓ mobile / Anfragen — Liste

→ Neue Anfrage (/anfragen/neu)
  ✓ mobile / Neue Anfrage

→ Angebote — Liste (/angebote)
  ✓ mobile / Angebote — Liste

→ Aufträge — Liste (/auftraege)
  ✓ mobile / Aufträge — Liste

→ Rechnungen — Liste (/rechnungen)
  ✓ mobile / Rechnungen — Liste

→ Neue Rechnung (/rechnungen/neu)
  ✓ mobile / Neue Rechnung

→ Kunden — Liste (/kunden)
  ✓ mobile / Kunden — Liste

→ Handwerker — Liste (/handwerker)
  ✓ mobile / Handwerker — Liste

→ Partner — Liste (/partner)
  ✓ mobile / Partner — Liste

→ Preislisten (/preislisten)
  ✓ mobile / Preislisten

→ Kalender (/kalender)
  ✓ mobile / Kalender

→ Formulare — Liste (/formulare)
  ✓ mobile / Formulare — Liste

→ Neues Formular (/formulare/neu)
  ✓ mobile / Neues Formular

→ Einstellungen — Übersicht (/einstellungen)
  ✓ mobile / Einstellungen — Übersicht

→ Firmeneinstellungen (/einstellungen/firma)
  ✓ mobile / Firmeneinstellungen

→ Profil (/einstellungen/profil)
  ✓ mobile / Profil

→ Benutzer (/einstellungen/benutzer)
  ✓ mobile / Benutzer

→ Gewerke (/einstellungen/gewerke)
  ✓ mobile / Gewerke

→ Preise (/einstellungen/preise)
  ✓ mobile / Preise

→ Preisliste bearbeiten (/einstellungen/preisliste)
  ✓ mobile / Preisliste bearbeiten

→ Vorlagen (/einstellungen/vorlagen)
  ✓ mobile / Vorlagen

→ Neue Vorlage (/einstellungen/vorlagen/neu)
  ✓ mobile / Neue Vorlage

→ E-Mail (/einstellungen/email)
  ✓ mobile / E-Mail

→ Kommunikation (/einstellungen/kommunikation)
  ✓ mobile / Kommunikation

→ Formular-Einstellungen (/einstellungen/formulare)
  ✓ mobile / Formular-Einstellungen

→ Felder (/einstellungen/felder)
  ✓ mobile / Felder

→ Compliance (/einstellungen/compliance)
  ✓ mobile / Compliance

→ Datenschutz (/einstellungen/datenschutz)
  ✓ mobile / Datenschutz

→ Integration (/einstellungen/integration)
  ✓ mobile / Integration

→ Login (/login)
  ✓ mobile / Login

── Interaktive Szenarien ──
  ⊘ Angebot-Wizard: keine Angebots-ID (Entwurf in DB oder DOCS_ANGEBOT_ID setzen)
  ⊘ Auftrag Mobile-Sheets: keine Auftrags-ID
  ⊘ Rechnung-Wizard: keine Auftrags-/Rechnungs-ID

Fertig: 62/62 Screenshots
Manifest: /Users/belalmasdjedi/Desktop/Bärenwald-Backend/baerenwald-crm-dashboard/docs/generated/manifest.json
HTML: /Users/belalmasdjedi/Desktop/Bärenwald-Backend/baerenwald-crm-dashboard/docs/generated/ui-dokumentation.html
PDF: /Users/belalmasdjedi/Desktop/Bärenwald-Backend/baerenwald-crm-dashboard/docs/generated/ui-dokumentation.pdf
