
> baerenwald-crm-dashboard@0.1.0 docs:ui
> node --env-file=.env.local scripts/docs-screenshots/capture.mjs && node --env-file=.env.local scripts/docs-screenshots/build-pdf.mjs

Ermittle Detail-Routen …
Erfasse 31 Routen × 2 Viewports …

→ Dashboard (/)
  ✓ desktop
  ✓ mobile

→ Anfragen — Liste (/anfragen)
  ✓ desktop
  ✓ mobile

→ Neue Anfrage (/anfragen/neu)
  ✓ desktop
  ✓ mobile

→ Angebote — Liste (/angebote)
  ✓ desktop
  ✓ mobile

→ Aufträge — Liste (/auftraege)
  ✓ desktop
  ✓ mobile

→ Rechnungen — Liste (/rechnungen)
  ✓ desktop
  ✓ mobile

→ Neue Rechnung (/rechnungen/neu)
  ✓ desktop
  ✓ mobile

→ Kunden — Liste (/kunden)
  ✓ desktop
  ✓ mobile

→ Handwerker — Liste (/handwerker)
  ✓ desktop
  ✓ mobile

→ Partner — Liste (/partner)
  ✓ desktop
  ✓ mobile

→ Preislisten (/preislisten)
  ✓ desktop
  ✓ mobile

→ Kalender (/kalender)
  ✓ desktop
  ✓ mobile

→ Formulare — Liste (/formulare)
  ✓ desktop
  ✓ mobile

→ Neues Formular (/formulare/neu)
  ✓ desktop
  ✓ mobile

→ Einstellungen — Übersicht (/einstellungen)
  ✓ desktop
  ✓ mobile

→ Firmeneinstellungen (/einstellungen/firma)
  ✓ desktop
  ✓ mobile

→ Profil (/einstellungen/profil)
  ✓ desktop
  ✓ mobile

→ Benutzer (/einstellungen/benutzer)
  ✓ desktop
  ✓ mobile

→ Gewerke (/einstellungen/gewerke)
  ✓ desktop
  ✓ mobile

→ Preise (/einstellungen/preise)
  ✓ desktop
  ✓ mobile

→ Preisliste bearbeiten (/einstellungen/preisliste)
  ✓ desktop
  ✓ mobile

→ Vorlagen (/einstellungen/vorlagen)
  ✓ desktop
  ✓ mobile

→ Neue Vorlage (/einstellungen/vorlagen/neu)
  ✓ desktop
  ✓ mobile

→ E-Mail (/einstellungen/email)
  ✓ desktop
  ✓ mobile

→ Kommunikation (/einstellungen/kommunikation)
  ✓ desktop
  ✓ mobile

→ Formular-Einstellungen (/einstellungen/formulare)
  ✓ desktop
  ✓ mobile

→ Felder (/einstellungen/felder)
  ✓ desktop
  ✓ mobile

→ Compliance (/einstellungen/compliance)
  ✓ desktop
  ✓ mobile

→ Datenschutz (/einstellungen/datenschutz)
  ✓ desktop
  ✓ mobile

→ Integration (/einstellungen/integration)
  ✓ desktop
  ✓ mobile

→ Login (/login)
  ✓ desktop
  ✓ mobile

Fertig: 62/62 Screenshots
Manifest: /Users/belalmasdjedi/Desktop/Bärenwald-Backend/baerenwald-crm-dashboard/docs/generated/manifest.json
HTML: /Users/belalmasdjedi/Desktop/Bärenwald-Backend/baerenwald-crm-dashboard/docs/generated/ui-dokumentation.html
PDF: /Users/belalmasdjedi/Desktop/Bärenwald-Backend/baerenwald-crm-dashboard/docs/generated/ui-dokumentation.pdf
