
> baerenwald-crm-dashboard@0.1.0 docs:ui
> node --env-file=.env.local scripts/docs-screenshots/capture.mjs && node --env-file=.env.local scripts/docs-screenshots/build-pdf.mjs

CRM-Session herstellen (Supabase Magic-Link) …
Eingeloggt.
Ermittle Detail-Routen …
Discovery übersprungen (/einstellungen/vorlagen): Execution context was destroyed, most likely because of a navigation.
Erfasse 43 Routen + Szenarien × 2 Viewports …

=== Viewport: Desktop (1440×900) ===

→ Dashboard (/)
  ✓ desktop / Dashboard

→ Anfragen — Liste (/anfragen)
  ✓ desktop / Anfragen — Liste

→ Neue Anfrage (/anfragen/neu)
  ✓ desktop / Neue Anfrage

→ Angebote — Liste (/angebote)
  ✓ desktop / Angebote — Liste

→ Aufträge — Liste (/auftraege)
  ✓ desktop / Aufträge — Liste

→ Rechnungen — Liste (/rechnungen)
  ✓ desktop / Rechnungen — Liste

→ Neue Rechnung (/rechnungen/neu)
  ✓ desktop / Neue Rechnung

→ Kunden — Liste (/kunden)
  ✓ desktop / Kunden — Liste

→ Handwerker — Liste (/handwerker)
  ✓ desktop / Handwerker — Liste

→ Partner — Liste (/partner)
  ✓ desktop / Partner — Liste

→ Preislisten (/preislisten)
  ✓ desktop / Preislisten

→ Kalender (/kalender)
  ✓ desktop / Kalender

→ Formulare — Liste (/formulare)
  ✓ desktop / Formulare — Liste

→ Neues Formular (/formulare/neu)
  ✓ desktop / Neues Formular

→ Einstellungen — Übersicht (/einstellungen)
  ✓ desktop / Einstellungen — Übersicht

→ Firmeneinstellungen (/einstellungen/firma)
  ✓ desktop / Firmeneinstellungen

→ Profil (/einstellungen/profil)
  ✓ desktop / Profil

→ Benutzer (/einstellungen/benutzer)
  ✓ desktop / Benutzer

→ Gewerke (/einstellungen/gewerke)
  ✓ desktop / Gewerke

→ Preise (/einstellungen/preise)
  ✓ desktop / Preise

→ Preisliste bearbeiten (/einstellungen/preisliste)
  ✓ desktop / Preisliste bearbeiten

→ Vorlagen (/einstellungen/vorlagen)
  ✓ desktop / Vorlagen

→ Neue Vorlage (/einstellungen/vorlagen/neu)
  ✓ desktop / Neue Vorlage

→ E-Mail (/einstellungen/email)
  ✓ desktop / E-Mail

→ Kommunikation (/einstellungen/kommunikation)
  ✓ desktop / Kommunikation

→ Formular-Einstellungen (/einstellungen/formulare)
  ✓ desktop / Formular-Einstellungen

→ Felder (/einstellungen/felder)
  ✓ desktop / Felder

→ Compliance (/einstellungen/compliance)
  ✓ desktop / Compliance

→ Datenschutz (/einstellungen/datenschutz)
  ✓ desktop / Datenschutz

→ Integration (/einstellungen/integration)
  ✓ desktop / Integration

→ Login (/login)
  ✓ desktop / Login

→ Anfrage (/anfragen/5725fe5f-bde6-4a5d-a4a4-1a67682011f2)
  ✓ desktop / Anfrage
  ✓ desktop / Verlauf1
  ✓ desktop / Notizen
  ✓ desktop / Dokumente

→ Angebot (/angebote/1f54acc4-05ff-4fbb-97a0-9813b06e1204)
  ✓ desktop / Angebot
  ✓ desktop / Positionen10
  ✓ desktop / Verlauf1
  ✓ desktop / Dokumente1

→ Auftrag (/auftraege/eccad417-0c73-42cb-85ab-6b1579e0b0e6)
  ✓ desktop / Auftrag
  ✓ desktop / Verlauf8
  ✓ desktop / Dokumente1
  ✓ desktop / Finanzen
  ✓ desktop / Verlauf8
  ✓ desktop / Dokumente1
  ✓ desktop / Finanzen

→ Rechnung (/rechnungen/419abcf5-b026-4cae-b10c-29a81a36ea40)
  ✓ desktop / Rechnung
  ✓ desktop / Positionen3
  ✓ desktop / Aktivität
  ✓ desktop / Dokumente

→ Kunde (/kunden/4a6e75a5-cb5a-49b4-b09d-97f4785fea17)
  ✓ desktop / Kunde
  ✓ desktop / Aktivität
  ✓ desktop / Dokumente

→ Handwerker (/handwerker/a15af90e-b5bf-4b2c-bbd6-bcf01c42d8c5)
  ✓ desktop / Handwerker
  ✓ desktop / Aufträge
  ✓ desktop / Notizen
  ✓ desktop / Compliance

→ Partner (/partner/cbac20b2-ff93-4466-ab33-330914db89dc)
  ✓ desktop / Partner

→ Formular — Bearbeiten (/formulare/dc465c8a-d088-4b06-acef-cbcaf4c2ec26/bearbeiten)
  ✓ desktop / Formular — Bearbeiten

→ Auftrag — Finanzen (/auftraege/eccad417-0c73-42cb-85ab-6b1579e0b0e6/finanzen)
  ✓ desktop / Auftrag — Finanzen

→ Auftrag — Abnahme (/auftraege/eccad417-0c73-42cb-85ab-6b1579e0b0e6/abnahme)
  ✓ desktop / Auftrag — Abnahme

→ Auftrag — Abschluss (/auftraege/eccad417-0c73-42cb-85ab-6b1579e0b0e6/abschluss)
  ✓ desktop / Auftrag — Abschluss

→ Auftrag — Rechnungen (/auftraege/eccad417-0c73-42cb-85ab-6b1579e0b0e6/rechnungen-auswahl)
  ✓ desktop / Auftrag — Rechnungen

── Interaktive Szenarien ──
  Angebot-ID: 1f54acc4-05ff-4fbb-97a0-9813b06e1204
  Auftrag-ID: eccad417-0c73-42cb-85ab-6b1579e0b0e6
  Rechnung-ID: 419abcf5-b026-4cae-b10c-29a81a36ea40

→ Angebot-Wizard (/angebote/1f54acc4-05ff-4fbb-97a0-9813b06e1204)
  ✗ Bearbeiten nicht gefunden — ggf. kein bearbeitbarer Entwurf

→ Rechnung-Wizard (/auftraege/eccad417-0c73-42cb-85ab-6b1579e0b0e6/rechnungen-auswahl)
  ✓ desktop / Schritt 1 — Leistungen

=== Viewport: Mobile (390×844) ===

→ Dashboard (/)
  ✓ mobile / Dashboard

→ Anfragen — Liste (/anfragen)
  ✓ mobile / Anfragen — Liste

→ Neue Anfrage (/anfragen/neu)
  ✓ mobile / Neue Anfrage

→ Angebote — Liste (/angebote)
  ✓ mobile / Angebote — Liste

→ Aufträge — Liste (/auftraege)
  ✓ mobile / Aufträge — Liste

→ Rechnungen — Liste (/rechnungen)
  ✓ mobile / Rechnungen — Liste

→ Neue Rechnung (/rechnungen/neu)
  ✓ mobile / Neue Rechnung

→ Kunden — Liste (/kunden)
  ✓ mobile / Kunden — Liste

→ Handwerker — Liste (/handwerker)
  ✓ mobile / Handwerker — Liste

→ Partner — Liste (/partner)
  ✓ mobile / Partner — Liste

→ Preislisten (/preislisten)
  ✓ mobile / Preislisten

→ Kalender (/kalender)
  ✓ mobile / Kalender

→ Formulare — Liste (/formulare)
  ✓ mobile / Formulare — Liste

→ Neues Formular (/formulare/neu)
  ✓ mobile / Neues Formular

→ Einstellungen — Übersicht (/einstellungen)
  ✓ mobile / Einstellungen — Übersicht

→ Firmeneinstellungen (/einstellungen/firma)
  ✓ mobile / Firmeneinstellungen

→ Profil (/einstellungen/profil)
  ✓ mobile / Profil

→ Benutzer (/einstellungen/benutzer)
  ✓ mobile / Benutzer

→ Gewerke (/einstellungen/gewerke)
  ✓ mobile / Gewerke
  ✗ mobile: Execution context was destroyed, most likely because of a navigation.

→ Preise (/einstellungen/preise)
  ✓ mobile / Preise

→ Preisliste bearbeiten (/einstellungen/preisliste)
  ✓ mobile / Preisliste bearbeiten

→ Vorlagen (/einstellungen/vorlagen)
  ✓ mobile / Vorlagen

→ Neue Vorlage (/einstellungen/vorlagen/neu)
  ✓ mobile / Neue Vorlage

→ E-Mail (/einstellungen/email)
  ✓ mobile / E-Mail

→ Kommunikation (/einstellungen/kommunikation)
  ✓ mobile / Kommunikation

→ Formular-Einstellungen (/einstellungen/formulare)
  ✓ mobile / Formular-Einstellungen

→ Felder (/einstellungen/felder)
  ✓ mobile / Felder
  ✗ mobile: Execution context was destroyed, most likely because of a navigation.

→ Compliance (/einstellungen/compliance)
  ✓ mobile / Compliance

→ Datenschutz (/einstellungen/datenschutz)
  ✓ mobile / Datenschutz

→ Integration (/einstellungen/integration)
  ✓ mobile / Integration

→ Login (/login)
  ✓ mobile / Login

→ Anfrage (/anfragen/5725fe5f-bde6-4a5d-a4a4-1a67682011f2)
  ✓ mobile / Anfrage
  ✓ mobile / Verlauf1
  ✓ mobile / Notizen
  ✓ mobile / Dokumente

→ Angebot (/angebote/1f54acc4-05ff-4fbb-97a0-9813b06e1204)
  ✓ mobile / Angebot
  ✓ mobile / Leistungsübersicht10
  ✓ mobile / Nächste Schritte4
  ✓ mobile / Verlauf1
  ✓ mobile / Dokumente1

→ Auftrag (/auftraege/eccad417-0c73-42cb-85ab-6b1579e0b0e6)
  ✓ mobile / Auftrag
  ✓ mobile / Leistungsübersicht
  ✓ mobile / Nächste Schritte3
  ✓ mobile / Verlauf8
  ✓ mobile / Dokumente1
  ✓ mobile / Finanzen
  ✓ mobile / Verlauf8
  ✓ mobile / Dokumente1
  ✓ mobile / Finanzen

→ Rechnung (/rechnungen/419abcf5-b026-4cae-b10c-29a81a36ea40)
  ✓ mobile / Rechnung
  ✓ mobile / Leistungsübersicht3
  ✓ mobile / Nächste Schritte
  ✓ mobile / Aktivität
  ✓ mobile / Dokumente

→ Kunde (/kunden/4a6e75a5-cb5a-49b4-b09d-97f4785fea17)
  ✓ mobile / Kunde
  ✓ mobile / Vorgänge
  ✓ mobile / Aktivität
  ✓ mobile / Dokumente

→ Handwerker (/handwerker/a15af90e-b5bf-4b2c-bbd6-bcf01c42d8c5)
  ✓ mobile / Handwerker
  ✓ mobile / Aufträge
  ✓ mobile / Notizen
  ✓ mobile / Compliance

→ Partner (/partner/cbac20b2-ff93-4466-ab33-330914db89dc)
  ✓ mobile / Partner

→ Formular — Bearbeiten (/formulare/dc465c8a-d088-4b06-acef-cbcaf4c2ec26/bearbeiten)
  ✓ mobile / Formular — Bearbeiten

→ Auftrag — Finanzen (/auftraege/eccad417-0c73-42cb-85ab-6b1579e0b0e6/finanzen)
  ✓ mobile / Auftrag — Finanzen

→ Auftrag — Abnahme (/auftraege/eccad417-0c73-42cb-85ab-6b1579e0b0e6/abnahme)
  ✓ mobile / Auftrag — Abnahme

→ Auftrag — Abschluss (/auftraege/eccad417-0c73-42cb-85ab-6b1579e0b0e6/abschluss)
  ✓ mobile / Auftrag — Abschluss

→ Auftrag — Rechnungen (/auftraege/eccad417-0c73-42cb-85ab-6b1579e0b0e6/rechnungen-auswahl)
  ✓ mobile / Auftrag — Rechnungen

── Interaktive Szenarien ──
  Angebot-ID: 1f54acc4-05ff-4fbb-97a0-9813b06e1204
  Auftrag-ID: eccad417-0c73-42cb-85ab-6b1579e0b0e6
  Rechnung-ID: 419abcf5-b026-4cae-b10c-29a81a36ea40

→ Angebot-Wizard (/angebote/1f54acc4-05ff-4fbb-97a0-9813b06e1204)
  ✓ mobile / Schritt 1 — Leistungen
  ✓ mobile / Sheet — Position bearbeiten
  ✓ mobile / Sheet — Bearbeiten
  ✓ mobile / Sheet — Gewerk bearbeiten
  ✓ mobile / Schritt 2 — Finalisieren
  ✓ mobile / Sheet — Bearbeiten
  ✓ mobile / Sheet — Text bearbeiten

→ Auftrag Mobile-Sheets (/auftraege/eccad417-0c73-42cb-85ab-6b1579e0b0e6)
  ✓ mobile / Sheet — Gewerk bearbeiten

→ Rechnung-Wizard (/auftraege/eccad417-0c73-42cb-85ab-6b1579e0b0e6/rechnungen-auswahl)
  ✓ mobile / Schritt 1 — Leistungen

→ Anfragen Filter-Sheet (/anfragen)
  ✓ mobile / Sheet — Filter

Fertig: 142/144 Screenshots
Manifest: /Users/belalmasdjedi/Desktop/Bärenwald-Backend/baerenwald-crm-dashboard/docs/generated/manifest.json
